[2012-08-21 15:59:59] request.ERROR: Symfony\Component\HttpKernel\Exception\NotFoundHttpException: No route found for "GET /dalmer/web/atencion" (uncaught exception) at C:\xampp\htdocs\Dalmer\vendor\symfony\src\Symfony\Bundle\FrameworkBundle\EventListener\RouterListener.php line 83 [] []
[2012-08-21 16:07:50] request.ERROR: Symfony\Component\HttpKernel\Exception\NotFoundHttpException: No route found for "GET /dalmer/web/atencion" (uncaught exception) at C:\xampp\htdocs\Dalmer\vendor\symfony\src\Symfony\Bundle\FrameworkBundle\EventListener\RouterListener.php line 83 [] []
[2012-08-21 16:22:17] request.ERROR: Symfony\Component\HttpKernel\Exception\NotFoundHttpException: No route found for "GET /dalmer/web/sitio/atencion" (uncaught exception) at C:\xampp\htdocs\Dalmer\app\cache\prod\classes.php line 4584 [] []
[2012-08-21 16:25:18] request.ERROR: Symfony\Component\HttpKernel\Exception\NotFoundHttpException: No route found for "GET /dalmer/web/sitio/atencion" (uncaught exception) at C:\xampp\htdocs\Dalmer\app\cache\prod\classes.php line 4584 [] []
[2012-08-21 16:26:42] request.ERROR: Symfony\Component\HttpKernel\Exception\NotFoundHttpException: No route found for "GET /dalmer/web/dev.php/sitio/atencion" (uncaught exception) at C:\xampp\htdocs\Dalmer\app\cache\prod\classes.php line 4584 [] []
[2012-08-22 11:51:04] request.ERROR: Symfony\Component\HttpKernel\Exception\NotFoundHttpException: No route found for "GET /dalmer/web/bundles/productos/css/frontend.css" (uncaught exception) at C:\xampp\htdocs\Dalmer\app\cache\prod\classes.php line 4584 [] []
[2012-08-22 11:51:05] request.ERROR: Symfony\Component\HttpKernel\Exception\NotFoundHttpException: No route found for "GET /dalmer/web/bundles/productos/css/normalizar.css" (uncaught exception) at C:\xampp\htdocs\Dalmer\app\cache\prod\classes.php line 4584 [] []
[2012-08-22 11:51:06] request.ERROR: Symfony\Component\HttpKernel\Exception\NotFoundHttpException: No route found for "GET /dalmer/web/bundles/productos/css/comun.css" (uncaught exception) at C:\xampp\htdocs\Dalmer\app\cache\prod\classes.php line 4584 [] []
[2012-08-24 14:42:48] request.ERROR: Symfony\Component\HttpKernel\Exception\NotFoundHttpException: No route found for "GET /dalmer/web/bundles/producto/css/bundles/producto/images/relva.png" (uncaught exception) at C:\xampp\htdocs\Dalmer\app\cache\prod\classes.php line 4584 [] []
[2012-08-24 14:44:30] request.ERROR: Symfony\Component\HttpKernel\Exception\NotFoundHttpException: No route found for "GET /dalmer/web/bundles/producto/css/relva.png" (uncaught exception) at C:\xampp\htdocs\Dalmer\app\cache\prod\classes.php line 4584 [] []
[2012-08-24 14:46:30] request.ERROR: Symfony\Component\HttpKernel\Exception\NotFoundHttpException: No route found for "GET /dalmer/web/bundles/producto/css/relva.png" (uncaught exception) at C:\xampp\htdocs\Dalmer\app\cache\prod\classes.php line 4584 [] []
[2012-08-24 14:49:46] request.ERROR: Symfony\Component\HttpKernel\Exception\NotFoundHttpException: No route found for "GET /dalmer/web/bundles/producto/css/images/relva.png" (uncaught exception) at C:\xampp\htdocs\Dalmer\app\cache\prod\classes.php line 4584 [] []
[2012-08-24 14:51:31] request.ERROR: Symfony\Component\HttpKernel\Exception\NotFoundHttpException: No route found for "GET /dalmer/web/bundles/producto/css/images/relva.png" (uncaught exception) at C:\xampp\htdocs\Dalmer\app\cache\prod\classes.php line 4584 [] []
[2012-08-24 14:53:16] request.ERROR: Symfony\Component\HttpKernel\Exception\NotFoundHttpException: No route found for "GET /dalmer/web/bundles/producto/css/comun.css" (uncaught exception) at C:\xampp\htdocs\Dalmer\app\cache\prod\classes.php line 4584 [] []
[2012-08-24 14:53:18] request.ERROR: Symfony\Component\HttpKernel\Exception\NotFoundHttpException: No route found for "GET /dalmer/web/bundles/producto/css/images/relva.png" (uncaught exception) at C:\xampp\htdocs\Dalmer\app\cache\prod\classes.php line 4584 [] []
[2012-08-24 14:55:00] request.ERROR: Symfony\Component\HttpKernel\Exception\NotFoundHttpException: No route found for "GET /dalmer/web/bundles/producto/css/comun.css" (uncaught exception) at C:\xampp\htdocs\Dalmer\app\cache\prod\classes.php line 4584 [] []
[2012-08-24 14:55:02] request.ERROR: Symfony\Component\HttpKernel\Exception\NotFoundHttpException: No route found for "GET /dalmer/web/bundles/producto/css/images/relva.png" (uncaught exception) at C:\xampp\htdocs\Dalmer\app\cache\prod\classes.php line 4584 [] []
[2012-08-24 14:59:45] request.ERROR: Symfony\Component\HttpKernel\Exception\NotFoundHttpException: No route found for "GET /dalmer/web/bundles/producto/css/comun.css" (uncaught exception) at C:\xampp\htdocs\Dalmer\app\cache\prod\classes.php line 4584 [] []
[2012-08-24 14:59:47] request.ERROR: Symfony\Component\HttpKernel\Exception\NotFoundHttpException: No route found for "GET /dalmer/web/bundles/producto/css/images/relva.png" (uncaught exception) at C:\xampp\htdocs\Dalmer\app\cache\prod\classes.php line 4584 [] []
[2012-08-24 15:19:54] request.ERROR: Symfony\Component\HttpKernel\Exception\NotFoundHttpException: No route found for "GET /dalmer/web/bundles/producto/css/comun.css" (uncaught exception) at C:\xampp\htdocs\Dalmer\app\cache\prod\classes.php line 4584 [] []
[2012-08-24 15:19:55] request.ERROR: Symfony\Component\HttpKernel\Exception\NotFoundHttpException: No route found for "GET /dalmer/web/bundles/producto/css/images/relva.png" (uncaught exception) at C:\xampp\htdocs\Dalmer\app\cache\prod\classes.php line 4584 [] []
[2012-08-24 15:25:00] request.ERROR: Symfony\Component\HttpKernel\Exception\NotFoundHttpException: No route found for "GET /dalmer/web/bundles/producto/css/comun.css" (uncaught exception) at C:\xampp\htdocs\Dalmer\app\cache\prod\classes.php line 4584 [] []
[2012-08-24 15:25:01] request.ERROR: Symfony\Component\HttpKernel\Exception\NotFoundHttpException: No route found for "GET /dalmer/web/bundles/producto/css/images/relva.png" (uncaught exception) at C:\xampp\htdocs\Dalmer\app\cache\prod\classes.php line 4584 [] []
[2012-08-24 15:34:14] request.ERROR: Symfony\Component\HttpKernel\Exception\NotFoundHttpException: No route found for "GET /dalmer/web/bundles/producto/css/comun.css" (uncaught exception) at C:\xampp\htdocs\Dalmer\app\cache\prod\classes.php line 4584 [] []
[2012-08-24 15:34:15] request.ERROR: Symfony\Component\HttpKernel\Exception\NotFoundHttpException: No route found for "GET /dalmer/web/bundles/producto/css/images/relva.png" (uncaught exception) at C:\xampp\htdocs\Dalmer\app\cache\prod\classes.php line 4584 [] []
[2012-08-24 15:35:31] request.ERROR: Symfony\Component\HttpKernel\Exception\NotFoundHttpException: No route found for "GET /dalmer/web/bundles/producto/css/comun.css" (uncaught exception) at C:\xampp\htdocs\Dalmer\app\cache\prod\classes.php line 4584 [] []
[2012-08-24 15:35:32] request.ERROR: Symfony\Component\HttpKernel\Exception\NotFoundHttpException: No route found for "GET /dalmer/web/bundles/producto/css/images/relva.png" (uncaught exception) at C:\xampp\htdocs\Dalmer\app\cache\prod\classes.php line 4584 [] []
[2012-08-24 15:38:57] request.ERROR: Symfony\Component\HttpKernel\Exception\NotFoundHttpException: No route found for "GET /dalmer/web/bundles/producto/css/comun.css" (uncaught exception) at C:\xampp\htdocs\Dalmer\app\cache\prod\classes.php line 4584 [] []
[2012-08-24 15:38:58] request.ERROR: Symfony\Component\HttpKernel\Exception\NotFoundHttpException: No route found for "GET /dalmer/web/bundles/producto/css/bundles/producto/images/relva.png" (uncaught exception) at C:\xampp\htdocs\Dalmer\app\cache\prod\classes.php line 4584 [] []
[2012-08-24 15:39:26] request.ERROR: Symfony\Component\HttpKernel\Exception\NotFoundHttpException: No route found for "GET /dalmer/web/bundles/producto/css/comun.css" (uncaught exception) at C:\xampp\htdocs\Dalmer\app\cache\prod\classes.php line 4584 [] []
[2012-08-24 15:39:27] request.ERROR: Symfony\Component\HttpKernel\Exception\NotFoundHttpException: No route found for "GET /dalmer/web/bundles/producto/css/bundles/producto/images/relva.png" (uncaught exception) at C:\xampp\htdocs\Dalmer\app\cache\prod\classes.php line 4584 [] []
[2012-08-24 15:39:50] request.ERROR: Symfony\Component\HttpKernel\Exception\NotFoundHttpException: No route found for "GET /dalmer/web/bundles/producto/css/comun.css" (uncaught exception) at C:\xampp\htdocs\Dalmer\app\cache\prod\classes.php line 4584 [] []
[2012-08-24 15:39:51] request.ERROR: Symfony\Component\HttpKernel\Exception\NotFoundHttpException: No route found for "GET /dalmer/web/bundles/producto/css/bundles/producto/images/relva.png" (uncaught exception) at C:\xampp\htdocs\Dalmer\app\cache\prod\classes.php line 4584 [] []
[2012-08-24 15:40:52] request.ERROR: Symfony\Component\HttpKernel\Exception\NotFoundHttpException: No route found for "GET /dalmer/web/bundles/producto/css/comun.css" (uncaught exception) at C:\xampp\htdocs\Dalmer\app\cache\prod\classes.php line 4584 [] []
[2012-08-24 15:40:53] request.ERROR: Symfony\Component\HttpKernel\Exception\NotFoundHttpException: No route found for "GET /dalmer/web/bundles/producto/css/bundles/producto/images/relva.png" (uncaught exception) at C:\xampp\htdocs\Dalmer\app\cache\prod\classes.php line 4584 [] []
[2012-08-24 15:41:31] request.ERROR: Symfony\Component\HttpKernel\Exception\NotFoundHttpException: No route found for "GET /dalmer/web/bundles/producto/css/comun.css" (uncaught exception) at C:\xampp\htdocs\Dalmer\app\cache\prod\classes.php line 4584 [] []
[2012-08-24 15:42:24] request.ERROR: Symfony\Component\HttpKernel\Exception\NotFoundHttpException: No route found for "GET /dalmer/web/bundles/producto/css/comun.css" (uncaught exception) at C:\xampp\htdocs\Dalmer\app\cache\prod\classes.php line 4584 [] []
[2012-08-24 15:43:14] request.ERROR: Symfony\Component\HttpKernel\Exception\NotFoundHttpException: No route found for "GET /dalmer/web/bundles/producto/css/comun.css" (uncaught exception) at C:\xampp\htdocs\Dalmer\app\cache\prod\classes.php line 4584 [] []
[2012-08-24 15:44:06] request.ERROR: Symfony\Component\HttpKernel\Exception\NotFoundHttpException: No route found for "GET /dalmer/web/bundles/producto/css/comun.css" (uncaught exception) at C:\xampp\htdocs\Dalmer\app\cache\prod\classes.php line 4584 [] []
[2012-08-24 15:54:44] request.ERROR: Symfony\Component\HttpKernel\Exception\NotFoundHttpException: No route found for "GET /dalmer/web/bundles/producto/css/comun.css" (uncaught exception) at C:\xampp\htdocs\Dalmer\app\cache\prod\classes.php line 4584 [] []
[2012-08-24 15:56:38] request.ERROR: Symfony\Component\HttpKernel\Exception\NotFoundHttpException: No route found for "GET /dalmer/web/bundles/producto/css/comun.css" (uncaught exception) at C:\xampp\htdocs\Dalmer\app\cache\prod\classes.php line 4584 [] []
[2012-08-24 15:57:18] request.ERROR: Symfony\Component\HttpKernel\Exception\NotFoundHttpException: No route found for "GET /dalmer/web/bundles/producto/css/comun.css" (uncaught exception) at C:\xampp\htdocs\Dalmer\app\cache\prod\classes.php line 4584 [] []
[2012-08-24 15:57:46] request.ERROR: Symfony\Component\HttpKernel\Exception\NotFoundHttpException: No route found for "GET /dalmer/web/bundles/producto/css/comun.css" (uncaught exception) at C:\xampp\htdocs\Dalmer\app\cache\prod\classes.php line 4584 [] []
[2012-08-24 15:57:47] request.ERROR: Symfony\Component\HttpKernel\Exception\NotFoundHttpException: No route found for "GET /dalmer/web/bundles/producto/css/images/relvaIII.png" (uncaught exception) at C:\xampp\htdocs\Dalmer\app\cache\prod\classes.php line 4584 [] []
[2012-08-24 15:58:31] request.ERROR: Symfony\Component\HttpKernel\Exception\NotFoundHttpException: No route found for "GET /dalmer/web/bundles/producto/css/comun.css" (uncaught exception) at C:\xampp\htdocs\Dalmer\app\cache\prod\classes.php line 4584 [] []
[2012-08-24 15:59:16] request.ERROR: Symfony\Component\HttpKernel\Exception\NotFoundHttpException: No route found for "GET /dalmer/web/bundles/producto/css/comun.css" (uncaught exception) at C:\xampp\htdocs\Dalmer\app\cache\prod\classes.php line 4584 [] []
[2012-08-24 16:00:27] request.ERROR: Symfony\Component\HttpKernel\Exception\NotFoundHttpException: No route found for "GET /dalmer/web/bundles/producto/css/comun.css" (uncaught exception) at C:\xampp\htdocs\Dalmer\app\cache\prod\classes.php line 4584 [] []
[2012-08-24 16:08:30] request.ERROR: Symfony\Component\HttpKernel\Exception\NotFoundHttpException: No route found for "GET /dalmer/web/bundles/producto/css/comun.css" (uncaught exception) at C:\xampp\htdocs\Dalmer\app\cache\prod\classes.php line 4584 [] []
[2012-08-24 16:14:06] request.ERROR: Symfony\Component\HttpKernel\Exception\NotFoundHttpException: No route found for "GET /dalmer/web/bundles/producto/css/comun.css" (uncaught exception) at C:\xampp\htdocs\Dalmer\app\cache\prod\classes.php line 4584 [] []
[2012-08-28 11:09:21] request.ERROR: Symfony\Component\HttpKernel\Exception\NotFoundHttpException: No route found for "GET /dalmer/web/bundles/estaticas/css/sevicios.css" (uncaught exception) at C:\xampp\htdocs\Dalmer\app\cache\prod\classes.php line 4584 [] []
[2012-08-28 11:15:08] request.ERROR: Symfony\Component\HttpKernel\Exception\NotFoundHttpException: No route found for "GET /dalmer/web/bundles/estaticas/css/sevicios.css" (uncaught exception) at C:\xampp\htdocs\Dalmer\app\cache\prod\classes.php line 4584 [] []
[2012-08-28 14:54:18] request.ERROR: Symfony\Component\HttpKernel\Exception\NotFoundHttpException: No route found for "GET /dalmer/web/js/jquery-1.7.2.min.js" (uncaught exception) at C:\xampp\htdocs\Dalmer\app\cache\prod\classes.php line 4584 [] []
[2012-08-28 16:11:41] request.ERROR: Symfony\Component\HttpKernel\Exception\NotFoundHttpException: No route found for "GET /dalmer/web/bundles/producto/js/css/images/ui-icons_454545_256x240.png" (uncaught exception) at C:\xampp\htdocs\Dalmer\app\cache\prod\classes.php line 4584 [] []
[2012-08-28 16:11:43] request.ERROR: Symfony\Component\HttpKernel\Exception\NotFoundHttpException: No route found for "GET /dalmer/web/bundles/producto/js/css/images/ui-bg_flat_75_ffffff_40x100.png" (uncaught exception) at C:\xampp\htdocs\Dalmer\app\cache\prod\classes.php line 4584 [] []
[2012-08-28 16:11:44] request.ERROR: Symfony\Component\HttpKernel\Exception\NotFoundHttpException: No route found for "GET /dalmer/web/bundles/producto/js/css/images/ui-icons_888888_256x240.png" (uncaught exception) at C:\xampp\htdocs\Dalmer\app\cache\prod\classes.php line 4584 [] []
[2012-08-28 16:11:46] request.ERROR: Symfony\Component\HttpKernel\Exception\NotFoundHttpException: No route found for "GET /dalmer/web/bundles/producto/js/css/images/ui-bg_glass_65_ffffff_1x400.png" (uncaught exception) at C:\xampp\htdocs\Dalmer\app\cache\prod\classes.php line 4584 [] []
[2012-08-28 16:11:47] request.ERROR: Symfony\Component\HttpKernel\Exception\NotFoundHttpException: No route found for "GET /dalmer/web/bundles/producto/js/css/images/ui-bg_glass_75_e6e6e6_1x400.png" (uncaught exception) at C:\xampp\htdocs\Dalmer\app\cache\prod\classes.php line 4584 [] []
[2012-08-28 16:11:48] request.ERROR: Symfony\Component\HttpKernel\Exception\NotFoundHttpException: No route found for "GET /dalmer/web/bundles/producto/js/css/images/ui-bg_glass_75_dadada_1x400.png" (uncaught exception) at C:\xampp\htdocs\Dalmer\app\cache\prod\classes.php line 4584 [] []
[2012-08-28 16:11:49] request.ERROR: Symfony\Component\HttpKernel\Exception\NotFoundHttpException: No route found for "GET /dalmer/web/bundles/producto/js/css/images/ui-icons_454545_256x240.png" (uncaught exception) at C:\xampp\htdocs\Dalmer\app\cache\prod\classes.php line 4584 [] []
[2012-08-30 16:38:50] request.ERROR: Symfony\Component\HttpKernel\Exception\NotFoundHttpException: No route found for "GET /dalmer/web/bundles/estaticas/css/historia.css" (uncaught exception) at C:\xampp\htdocs\Dalmer\app\cache\prod\classes.php line 4584 [] []
[2012-08-31 20:44:47] request.ERROR: Symfony\Component\HttpKernel\Exception\NotFoundHttpException: No route found for "GET /dalmer/web/bundles/estaticas/css/vision.css" (uncaught exception) at C:\xampp\htdocs\Dalmer\app\cache\prod\classes.php line 4584 [] []
[2012-08-31 20:56:50] request.ERROR: Symfony\Component\HttpKernel\Exception\NotFoundHttpException: No route found for "GET /dalmer/web/bundles/estaticas/css/vision.css" (uncaught exception) at C:\xampp\htdocs\Dalmer\app\cache\prod\classes.php line 4584 [] []
[2012-09-01 10:48:14] request.ERROR: Symfony\Component\HttpKernel\Exception\NotFoundHttpException: No route found for "GET /dalmer/web/dev.php/vision" (uncaught exception) at C:\xampp\htdocs\Dalmer\app\cache\prod\classes.php line 4584 [] []
[2012-09-01 15:33:25] request.INFO: Matched route "paginas_estaticas" (parameters: "_controller": "Dalmer\EstaticasBundle\Controller\DefaultController::estaticaAction", "pagina": "calidad", "_route": "paginas_estaticas") [] []
[2012-09-01 15:33:26] request.CRITICAL: InvalidArgumentException: Unable to find template "EstaticasBundle:Default:calidad.html.twig". (uncaught exception) at C:\xampp\htdocs\Dalmer\vendor\symfony\src\Symfony\Bundle\TwigBundle\TwigEngine.php line 136 [] []
[2012-09-05 11:26:59] request.ERROR: Symfony\Component\HttpKernel\Exception\NotFoundHttpException: No route found for "GET /" (uncaught exception) at C:\xampp\htdocs\Dalmer\app\cache\prod\classes.php line 4584 [] []
[2012-09-19 16:51:45] request.ERROR: Symfony\Component\HttpKernel\Exception\NotFoundHttpException: No route found for "GET /dalmer/web/bundles/estaticas/images/carta.png" (uncaught exception) at C:\xampp\htdocs\Dalmer\app\cache\prod\classes.php line 4584 [] []
[2012-09-24 10:32:37] request.ERROR: Symfony\Component\HttpKernel\Exception\NotFoundHttpException: No route found for "GET /dalmer/web/bundles/producto/css/images/imagen_pequena.png" (uncaught exception) at C:\xampp\htdocs\Dalmer\app\cache\prod\classes.php line 4584 [] []
[2012-09-24 10:33:59] request.ERROR: Symfony\Component\HttpKernel\Exception\NotFoundHttpException: No route found for "GET /dalmer/web/bundles/producto/css/images/logobottom.png.png" (uncaught exception) at C:\xampp\htdocs\Dalmer\app\cache\prod\classes.php line 4584 [] []
[2012-09-24 11:43:42] request.ERROR: Symfony\Component\HttpKernel\Exception\NotFoundHttpException: No route found for "GET /dalmer/web/bundles/producto/images/logobottomy.png" (uncaught exception) at C:\xampp\htdocs\Dalmer\app\cache\prod\classes.php line 4584 [] []
[2012-09-24 11:46:20] request.ERROR: Symfony\Component\HttpKernel\Exception\NotFoundHttpException: No route found for "GET /dalmer/web/bundles/producto/images/logobottomy.png" (uncaught exception) at C:\xampp\htdocs\Dalmer\app\cache\prod\classes.php line 4584 [] []
[2012-09-24 11:47:30] request.ERROR: Symfony\Component\HttpKernel\Exception\NotFoundHttpException: No route found for "GET /dalmer/web/bundles/producto/images/logobottomy.png" (uncaught exception) at C:\xampp\htdocs\Dalmer\app\cache\prod\classes.php line 4584 [] []
[2012-09-24 11:47:50] request.ERROR: Symfony\Component\HttpKernel\Exception\NotFoundHttpException: No route found for "GET /dalmer/web/bundles/producto/images/logobottomy.png" (uncaught exception) at C:\xampp\htdocs\Dalmer\app\cache\prod\classes.php line 4584 [] []
[2012-10-01 10:46:27] request.ERROR: Symfony\Component\HttpKernel\Exception\NotFoundHttpException: No route found for "GET /dalmer/web/bundles/producto/images/vida sanaII.png" (uncaught exception) at C:\xampp\htdocs\Dalmer\app\cache\prod\classes.php line 4584 [] []
[2012-10-01 10:46:41] request.ERROR: Symfony\Component\HttpKernel\Exception\NotFoundHttpException: No route found for "GET /dalmer/web/bundles/producto/images/vida sanaII.png" (uncaught exception) at C:\xampp\htdocs\Dalmer\app\cache\prod\classes.php line 4584 [] []
[2012-10-01 11:15:36] request.ERROR: Symfony\Component\HttpKernel\Exception\NotFoundHttpException: No route found for "GET /dalmer/web/bundles/producto/css/vida sana.png" (uncaught exception) at C:\xampp\htdocs\Dalmer\app\cache\prod\classes.php line 4584 [] []
[2012-10-01 11:16:35] request.ERROR: Symfony\Component\HttpKernel\Exception\NotFoundHttpException: No route found for "GET /dalmer/web/bundles/producto/css/image/vida sana.png" (uncaught exception) at C:\xampp\htdocs\Dalmer\app\cache\prod\classes.php line 4584 [] []
[2012-10-01 11:17:49] request.ERROR: Symfony\Component\HttpKernel\Exception\NotFoundHttpException: No route found for "GET /dalmer/web/bundles/producto/css/images/vida sanaII.png" (uncaught exception) at C:\xampp\htdocs\Dalmer\app\cache\prod\classes.php line 4584 [] []
[2012-10-23 10:24:48] request.ERROR: Symfony\Component\HttpKernel\Exception\NotFoundHttpException: No route found for "GET /dalmer/web/bundles/estaticas/css/calidad.css" (uncaught exception) at C:\xampp\htdocs\Dalmer\app\cache\prod\classes.php line 4584 [] []
[2012-10-23 10:34:24] request.ERROR: Symfony\Component\HttpKernel\Exception\NotFoundHttpException: No route found for "GET /dalmer/web/bundles/estaticas/css/calidad.css" (uncaught exception) at C:\xampp\htdocs\Dalmer\app\cache\prod\classes.php line 4584 [] []
[2012-10-23 13:03:01] request.ERROR: Symfony\Component\HttpKernel\Exception\NotFoundHttpException: No route found for "GET /dalmer/web/bundles/estaticas/css/publicaciones/pilicosanol.css" (uncaught exception) at C:\xampp\htdocs\Dalmer\app\cache\prod\classes.php line 4584 [] []
[2012-10-23 13:08:48] request.ERROR: Symfony\Component\HttpKernel\Exception\NotFoundHttpException: No route found for "GET /dalmer/web/bundles/estaticas/css/publicaciones/pilicosanol.css" (uncaught exception) at C:\xampp\htdocs\Dalmer\app\cache\prod\classes.php line 4584 [] []
[2012-10-23 13:18:14] request.ERROR: Symfony\Component\HttpKernel\Exception\NotFoundHttpException: No route found for "GET /dalmer/web/bundles/estaticas/css/publicaciones/pilicosanol.css" (uncaught exception) at C:\xampp\htdocs\Dalmer\app\cache\prod\classes.php line 4584 [] []
[2012-10-26 10:11:34] request.ERROR: Symfony\Component\HttpKernel\Exception\NotFoundHttpException: No route found for "GET /dalmer/web/index.php" (uncaught exception) at C:\xampp\htdocs\Dalmer\app\cache\prod\classes.php line 4584 [] []
[2012-10-30 01:51:48] security.INFO: Populated SecurityContext with an anonymous Token [] []
[2012-10-30 01:51:48] request.ERROR: Symfony\Component\HttpKernel\Exception\NotFoundHttpException: No route found for "GET /dalmer/web/bundles/productos/css/policosanol.css" (uncaught exception) at C:\xampp\htdocs\Dalmer\app\cache\prod\classes.php line 4584 [] []
[2012-10-30 01:53:19] security.INFO: Populated SecurityContext with an anonymous Token [] []
[2012-10-30 01:53:19] request.ERROR: Symfony\Component\HttpKernel\Exception\NotFoundHttpException: No route found for "GET /dalmer/web/bundles/productos/css/policosanol.css" (uncaught exception) at C:\xampp\htdocs\Dalmer\app\cache\prod\classes.php line 4584 [] []
[2012-10-30 02:06:28] security.INFO: Populated SecurityContext with an anonymous Token [] []
[2012-10-30 02:06:28] request.ERROR: Symfony\Component\HttpKernel\Exception\NotFoundHttpException: No route found for "GET /dalmer/web/bundles/productos/css/policosanol.css" (uncaught exception) at C:\xampp\htdocs\Dalmer\app\cache\prod\classes.php line 4584 [] []
[2012-10-30 02:07:08] security.INFO: Populated SecurityContext with an anonymous Token [] []
[2012-10-30 02:07:08] request.ERROR: Symfony\Component\HttpKernel\Exception\NotFoundHttpException: No route found for "GET /dalmer/web/bundles/productos/css/policosanol.css" (uncaught exception) at C:\xampp\htdocs\Dalmer\app\cache\prod\classes.php line 4584 [] []
[2012-10-30 02:14:37] security.INFO: Populated SecurityContext with an anonymous Token [] []
[2012-10-30 02:14:37] request.ERROR: Symfony\Component\HttpKernel\Exception\NotFoundHttpException: No route found for "GET /dalmer/web/bundles/productos/css/policosanol.css" (uncaught exception) at C:\xampp\htdocs\Dalmer\app\cache\prod\classes.php line 4584 [] []
[2012-10-30 02:15:38] security.INFO: Populated SecurityContext with an anonymous Token [] []
[2012-10-30 02:15:38] request.ERROR: Symfony\Component\HttpKernel\Exception\NotFoundHttpException: No route found for "GET /dalmer/web/bundles/productos/css/policosanol.css" (uncaught exception) at C:\xampp\htdocs\Dalmer\app\cache\prod\classes.php line 4584 [] []
[2012-10-30 02:16:51] security.INFO: Populated SecurityContext with an anonymous Token [] []
[2012-10-30 02:16:51] request.ERROR: Symfony\Component\HttpKernel\Exception\NotFoundHttpException: No route found for "GET /dalmer/web/bundles/productos/css/policosanol.css" (uncaught exception) at C:\xampp\htdocs\Dalmer\app\cache\prod\classes.php line 4584 [] []
[2012-10-30 02:17:38] security.INFO: Populated SecurityContext with an anonymous Token [] []
[2012-10-30 02:17:38] request.ERROR: Symfony\Component\HttpKernel\Exception\NotFoundHttpException: No route found for "GET /dalmer/web/bundles/productos/css/policosanol.css" (uncaught exception) at C:\xampp\htdocs\Dalmer\app\cache\prod\classes.php line 4584 [] []
[2012-10-30 02:20:53] security.INFO: Populated SecurityContext with an anonymous Token [] []
[2012-10-30 02:20:53] request.ERROR: Symfony\Component\HttpKernel\Exception\NotFoundHttpException: No route found for "GET /dalmer/web/bundles/productos/css/policosanol.css" (uncaught exception) at C:\xampp\htdocs\Dalmer\app\cache\prod\classes.php line 4584 [] []
[2012-10-30 02:21:16] security.INFO: Populated SecurityContext with an anonymous Token [] []
[2012-10-30 02:21:16] request.ERROR: Symfony\Component\HttpKernel\Exception\NotFoundHttpException: No route found for "GET /dalmer/web/bundles/productos/css/policosanol.css" (uncaught exception) at C:\xampp\htdocs\Dalmer\app\cache\prod\classes.php line 4584 [] []
[2012-10-30 02:29:30] security.INFO: Populated SecurityContext with an anonymous Token [] []
[2012-10-30 02:29:30] request.ERROR: Symfony\Component\HttpKernel\Exception\NotFoundHttpException: No route found for "GET /dalmer/web/bundles/productos/css/policosanol.css" (uncaught exception) at C:\xampp\htdocs\Dalmer\app\cache\prod\classes.php line 4584 [] []
[2012-10-30 02:31:43] security.INFO: Populated SecurityContext with an anonymous Token [] []
[2012-10-30 02:31:43] request.ERROR: Symfony\Component\HttpKernel\Exception\NotFoundHttpException: No route found for "GET /dalmer/web/bundles/productos/css/policosanol.css" (uncaught exception) at C:\xampp\htdocs\Dalmer\app\cache\prod\classes.php line 4584 [] []
[2012-10-30 02:32:40] security.INFO: Populated SecurityContext with an anonymous Token [] []
[2012-10-30 02:32:40] request.ERROR: Symfony\Component\HttpKernel\Exception\NotFoundHttpException: No route found for "GET /dalmer/web/bundles/productos/css/policosanol.css" (uncaught exception) at C:\xampp\htdocs\Dalmer\app\cache\prod\classes.php line 4584 [] []
[2012-10-30 02:51:38] security.INFO: Populated SecurityContext with an anonymous Token [] []
[2012-10-30 02:51:38] request.ERROR: Symfony\Component\HttpKernel\Exception\NotFoundHttpException: No route found for "GET /dalmer/web/bundles/productos/css/policosanol.css" (uncaught exception) at C:\xampp\htdocs\Dalmer\app\cache\prod\classes.php line 4584 [] []
[2012-10-30 02:54:12] security.INFO: Populated SecurityContext with an anonymous Token [] []
[2012-10-30 02:54:12] request.ERROR: Symfony\Component\HttpKernel\Exception\NotFoundHttpException: No route found for "GET /dalmer/web/bundles/productos/css/policosanol.css" (uncaught exception) at C:\xampp\htdocs\Dalmer\app\cache\prod\classes.php line 4584 [] []
[2012-10-30 02:55:54] security.INFO: Populated SecurityContext with an anonymous Token [] []
[2012-10-30 02:55:54] request.ERROR: Symfony\Component\HttpKernel\Exception\NotFoundHttpException: No route found for "GET /dalmer/web/bundles/productos/css/policosanol.css" (uncaught exception) at C:\xampp\htdocs\Dalmer\app\cache\prod\classes.php line 4584 [] []
[2012-10-30 02:57:59] security.INFO: Populated SecurityContext with an anonymous Token [] []
[2012-10-30 02:58:00] request.ERROR: Symfony\Component\HttpKernel\Exception\NotFoundHttpException: No route found for "GET /dalmer/web/bundles/productos/css/policosanol.css" (uncaught exception) at C:\xampp\htdocs\Dalmer\app\cache\prod\classes.php line 4584 [] []
[2012-10-30 02:58:53] security.INFO: Populated SecurityContext with an anonymous Token [] []
[2012-10-30 02:58:53] request.ERROR: Symfony\Component\HttpKernel\Exception\NotFoundHttpException: No route found for "GET /dalmer/web/bundles/productos/css/policosanol.css" (uncaught exception) at C:\xampp\htdocs\Dalmer\app\cache\prod\classes.php line 4584 [] []
[2012-10-30 02:59:54] security.INFO: Populated SecurityContext with an anonymous Token [] []
[2012-10-30 02:59:54] request.ERROR: Symfony\Component\HttpKernel\Exception\NotFoundHttpException: No route found for "GET /dalmer/web/bundles/productos/css/policosanol.css" (uncaught exception) at C:\xampp\htdocs\Dalmer\app\cache\prod\classes.php line 4584 [] []
[2012-10-30 03:01:42] security.INFO: Populated SecurityContext with an anonymous Token [] []
[2012-10-30 03:01:42] request.ERROR: Symfony\Component\HttpKernel\Exception\NotFoundHttpException: No route found for "GET /dalmer/web/bundles/productos/css/policosanol.css" (uncaught exception) at C:\xampp\htdocs\Dalmer\app\cache\prod\classes.php line 4584 [] []
[2012-10-30 03:02:46] security.INFO: Populated SecurityContext with an anonymous Token [] []
[2012-10-30 03:02:46] request.ERROR: Symfony\Component\HttpKernel\Exception\NotFoundHttpException: No route found for "GET /dalmer/web/bundles/productos/css/policosanol.css" (uncaught exception) at C:\xampp\htdocs\Dalmer\app\cache\prod\classes.php line 4584 [] []
[2012-10-30 03:03:43] security.INFO: Populated SecurityContext with an anonymous Token [] []
[2012-10-30 03:03:43] request.ERROR: Symfony\Component\HttpKernel\Exception\NotFoundHttpException: No route found for "GET /dalmer/web/bundles/productos/css/policosanol.css" (uncaught exception) at C:\xampp\htdocs\Dalmer\app\cache\prod\classes.php line 4584 [] []
[2012-10-30 03:05:48] security.INFO: Populated SecurityContext with an anonymous Token [] []
[2012-10-30 03:05:48] request.ERROR: Symfony\Component\HttpKernel\Exception\NotFoundHttpException: No route found for "GET /dalmer/web/bundles/productos/css/policosanol.css" (uncaught exception) at C:\xampp\htdocs\Dalmer\app\cache\prod\classes.php line 4584 [] []
[2012-10-30 03:08:25] security.INFO: Populated SecurityContext with an anonymous Token [] []
[2012-10-30 03:08:25] request.ERROR: Symfony\Component\HttpKernel\Exception\NotFoundHttpException: No route found for "GET /dalmer/web/bundles/productos/css/policosanol.css" (uncaught exception) at C:\xampp\htdocs\Dalmer\app\cache\prod\classes.php line 4584 [] []
[2012-10-30 03:10:39] security.INFO: Populated SecurityContext with an anonymous Token [] []
[2012-10-30 03:10:39] request.ERROR: Symfony\Component\HttpKernel\Exception\NotFoundHttpException: No route found for "GET /dalmer/web/bundles/productos/css/policosanol.css" (uncaught exception) at C:\xampp\htdocs\Dalmer\app\cache\prod\classes.php line 4584 [] []
[2012-10-30 03:11:56] security.INFO: Populated SecurityContext with an anonymous Token [] []
[2012-10-30 03:11:56] request.ERROR: Symfony\Component\HttpKernel\Exception\NotFoundHttpException: No route found for "GET /dalmer/web/bundles/productos/css/policosanol.css" (uncaught exception) at C:\xampp\htdocs\Dalmer\app\cache\prod\classes.php line 4584 [] []
[2012-10-31 10:17:25] security.INFO: Populated SecurityContext with an anonymous Token [] []
[2012-10-31 10:17:25] request.ERROR: Symfony\Component\HttpKernel\Exception\NotFoundHttpException: No route found for "GET /dalmer/web/bundles/productos/css/policosanol.css" (uncaught exception) at C:\xampp\htdocs\Dalmer\app\cache\prod\classes.php line 4584 [] []
[2012-10-31 11:02:11] security.INFO: Populated SecurityContext with an anonymous Token [] []
[2012-10-31 11:02:11] request.ERROR: Symfony\Component\HttpKernel\Exception\NotFoundHttpException: No route found for "GET /dalmer/web/bundles/productos/css/policosanol.css" (uncaught exception) at C:\xampp\htdocs\Dalmer\app\cache\prod\classes.php line 4584 [] []
[2012-10-31 11:05:02] security.INFO: Populated SecurityContext with an anonymous Token [] []
[2012-10-31 11:05:02] request.ERROR: Symfony\Component\HttpKernel\Exception\NotFoundHttpException: No route found for "GET /dalmer/web/bundles/productos/css/policosanol.css" (uncaught exception) at C:\xampp\htdocs\Dalmer\app\cache\prod\classes.php line 4584 [] []
[2012-10-31 11:41:18] security.INFO: Populated SecurityContext with an anonymous Token [] []
[2012-10-31 11:41:18] request.ERROR: Symfony\Component\HttpKernel\Exception\NotFoundHttpException: No route found for "GET /dalmer/web/bundles/productos/css/policosanol.css" (uncaught exception) at C:\xampp\htdocs\Dalmer\app\cache\prod\classes.php line 4584 [] []
[2012-10-31 11:49:26] security.INFO: Populated SecurityContext with an anonymous Token [] []
[2012-10-31 11:49:26] request.ERROR: Symfony\Component\HttpKernel\Exception\NotFoundHttpException: No route found for "GET /dalmer/web/bundles/productos/css/policosanol.css" (uncaught exception) at C:\xampp\htdocs\Dalmer\app\cache\prod\classes.php line 4584 [] []
[2012-10-31 11:58:20] security.INFO: Populated SecurityContext with an anonymous Token [] []
[2012-10-31 11:58:20] request.ERROR: Symfony\Component\HttpKernel\Exception\NotFoundHttpException: No route found for "GET /dalmer/web/bundles/productos/css/policosanol.css" (uncaught exception) at C:\xampp\htdocs\Dalmer\app\cache\prod\classes.php line 4584 [] []
[2012-10-31 12:18:37] security.INFO: Populated SecurityContext with an anonymous Token [] []
[2012-10-31 12:18:37] request.ERROR: Symfony\Component\HttpKernel\Exception\NotFoundHttpException: No route found for "GET /dalmer/web/bundles/productos/css/policosanol.css" (uncaught exception) at C:\xampp\htdocs\Dalmer\app\cache\prod\classes.php line 4584 [] []
[2012-10-31 12:25:51] security.INFO: Populated SecurityContext with an anonymous Token [] []
[2012-10-31 12:25:51] request.ERROR: Symfony\Component\HttpKernel\Exception\NotFoundHttpException: No route found for "GET /dalmer/web/bundles/producto/css/policosanol.css" (uncaught exception) at C:\xampp\htdocs\Dalmer\app\cache\prod\classes.php line 4584 [] []
[2012-10-31 12:27:39] security.INFO: Populated SecurityContext with an anonymous Token [] []
[2012-10-31 12:27:39] request.ERROR: Symfony\Component\HttpKernel\Exception\NotFoundHttpException: No route found for "GET /dalmer/web/bundles/producto/css/policosanol.css" (uncaught exception) at C:\xampp\htdocs\Dalmer\app\cache\prod\classes.php line 4584 [] []
